<?xml version="1.0" encoding="UTF-8"?>
<robot generator="Robot 3.2.2 (Python 3.9.1 on win32)" generated="20210428 09:10:55.465" rpa="false">
<suite id="s1" name="Spring-Pet-Clinic-Locally" source="C:\Users\JyotirmayeeBehuria\IdeaProjects\Spring-Pet-Clinic-Locally">
<suite id="s1-s1" name="Robot tests" source="C:\Users\JyotirmayeeBehuria\IdeaProjects\Spring-Pet-Clinic-Locally\Robot_tests">
<suite id="s1-s1-s1" name="Tests" source="C:\Users\JyotirmayeeBehuria\IdeaProjects\Spring-Pet-Clinic-Locally\Robot_tests\Tests">
<suite id="s1-s1-s1-s1" name="petclinic addPet" source="C:\Users\JyotirmayeeBehuria\IdeaProjects\Spring-Pet-Clinic-Locally\Robot_tests\Tests\petclinic_addPet.robot">
<test id="s1-s1-s1-s1-t1" name="Access website">
<kw name="Begin Web Test" library="keywords_pet" type="setup">
<kw name="Open Browser" library="SeleniumLibrary">
<doc>Opens a new browser instance to the optional ``url``.</doc>
<arguments>
<arg>about:blank</arg>
<arg>${BROWSER}</arg>
</arguments>
<msg timestamp="20210428 09:10:55.824" level="INFO">Opening browser 'chrome' to base url 'about:blank'.</msg>
<kw name="Capture Page Screenshot" library="SeleniumLibrary">
<doc>Takes a screenshot of the current page and embeds it into a log file.</doc>
<msg timestamp="20210428 09:11:00.897" level="INFO">Cannot capture screenshot because no browser is open.</msg>
<status status="PASS" starttime="20210428 09:11:00.896" endtime="20210428 09:11:00.898"></status>
</kw>
<msg timestamp="20210428 09:11:00.907" level="FAIL">SessionNotCreatedException: Message: session not created: This version of ChromeDriver only supports Chrome version 88
Current browser version is 90.0.4430.93 with binary path C:\Program Files (x86)\Google\Chrome\Application\chrome.exe
</msg>
<status status="FAIL" starttime="20210428 09:10:55.824" endtime="20210428 09:11:00.907"></status>
</kw>
<status status="FAIL" starttime="20210428 09:10:55.824" endtime="20210428 09:11:00.907"></status>
</kw>
<kw name="End Web Test" library="keywords_pet" type="teardown">
<kw name="Close Browser" library="SeleniumLibrary">
<doc>Closes the current browser.</doc>
<status status="PASS" starttime="20210428 09:11:00.911" endtime="20210428 09:11:00.911"></status>
</kw>
<status status="PASS" starttime="20210428 09:11:00.911" endtime="20210428 09:11:00.911"></status>
</kw>
<doc>Test for adding a new pet</doc>
<tags>
<tag>Access_test1</tag>
</tags>
<status status="FAIL" starttime="20210428 09:10:55.823" endtime="20210428 09:11:00.915" critical="yes">Setup failed:
SessionNotCreatedException: Message: session not created: This version of ChromeDriver only supports Chrome version 88
Current browser version is 90.0.4430.93 with binary path C:\Program Files (x86)\Google\Chrome\Application\chrome.exe
</status>
</test>
<test id="s1-s1-s1-s1-t2" name="Gherkin">
<kw name="Begin Web Test" library="keywords_pet" type="setup">
<kw name="Open Browser" library="SeleniumLibrary">
<doc>Opens a new browser instance to the optional ``url``.</doc>
<arguments>
<arg>about:blank</arg>
<arg>${BROWSER}</arg>
</arguments>
<msg timestamp="20210428 09:11:00.926" level="INFO">Opening browser 'chrome' to base url 'about:blank'.</msg>
<kw name="Capture Page Screenshot" library="SeleniumLibrary">
<doc>Takes a screenshot of the current page and embeds it into a log file.</doc>
<msg timestamp="20210428 09:11:04.588" level="INFO">Cannot capture screenshot because no browser is open.</msg>
<status status="PASS" starttime="20210428 09:11:04.587" endtime="20210428 09:11:04.588"></status>
</kw>
<msg timestamp="20210428 09:11:04.589" level="FAIL">SessionNotCreatedException: Message: session not created: This version of ChromeDriver only supports Chrome version 88
Current browser version is 90.0.4430.93 with binary path C:\Program Files (x86)\Google\Chrome\Application\chrome.exe
</msg>
<status status="FAIL" starttime="20210428 09:11:00.926" endtime="20210428 09:11:04.589"></status>
</kw>
<status status="FAIL" starttime="20210428 09:11:00.924" endtime="20210428 09:11:04.589"></status>
</kw>
<kw name="End Web Test" library="keywords_pet" type="teardown">
<kw name="Close Browser" library="SeleniumLibrary">
<doc>Closes the current browser.</doc>
<status status="PASS" starttime="20210428 09:11:04.594" endtime="20210428 09:11:04.594"></status>
</kw>
<status status="PASS" starttime="20210428 09:11:04.594" endtime="20210428 09:11:04.594"></status>
</kw>
<doc>Test 2 gherkin</doc>
<tags>
<tag>2</tag>
</tags>
<status status="FAIL" starttime="20210428 09:11:00.921" endtime="20210428 09:11:04.597" critical="yes">Setup failed:
SessionNotCreatedException: Message: session not created: This version of ChromeDriver only supports Chrome version 88
Current browser version is 90.0.4430.93 with binary path C:\Program Files (x86)\Google\Chrome\Application\chrome.exe
</status>
</test>
<test id="s1-s1-s1-s1-t3" name="Test varabiels as input for name">
<kw name="Begin Web Test" library="keywords_pet" type="setup">
<kw name="Open Browser" library="SeleniumLibrary">
<doc>Opens a new browser instance to the optional ``url``.</doc>
<arguments>
<arg>about:blank</arg>
<arg>${BROWSER}</arg>
</arguments>
<msg timestamp="20210428 09:11:04.608" level="INFO">Opening browser 'chrome' to base url 'about:blank'.</msg>
<kw name="Capture Page Screenshot" library="SeleniumLibrary">
<doc>Takes a screenshot of the current page and embeds it into a log file.</doc>
<msg timestamp="20210428 09:11:09.213" level="INFO">Cannot capture screenshot because no browser is open.</msg>
<status status="PASS" starttime="20210428 09:11:09.213" endtime="20210428 09:11:09.213"></status>
</kw>
<msg timestamp="20210428 09:11:09.213" level="FAIL">SessionNotCreatedException: Message: session not created: This version of ChromeDriver only supports Chrome version 88
Current browser version is 90.0.4430.93 with binary path C:\Program Files (x86)\Google\Chrome\Application\chrome.exe
</msg>
<status status="FAIL" starttime="20210428 09:11:04.608" endtime="20210428 09:11:09.213"></status>
</kw>
<status status="FAIL" starttime="20210428 09:11:04.607" endtime="20210428 09:11:09.213"></status>
</kw>
<kw name="End Web Test" library="keywords_pet" type="teardown">
<kw name="Close Browser" library="SeleniumLibrary">
<doc>Closes the current browser.</doc>
<status status="PASS" starttime="20210428 09:11:09.222" endtime="20210428 09:11:09.222"></status>
</kw>
<status status="PASS" starttime="20210428 09:11:09.221" endtime="20210428 09:11:09.222"></status>
</kw>
<doc>Test for adding a new pet with varabiels</doc>
<tags>
<tag>Access_test2</tag>
</tags>
<status status="FAIL" starttime="20210428 09:11:04.605" endtime="20210428 09:11:09.225" critical="yes">Setup failed:
SessionNotCreatedException: Message: session not created: This version of ChromeDriver only supports Chrome version 88
Current browser version is 90.0.4430.93 with binary path C:\Program Files (x86)\Google\Chrome\Application\chrome.exe
</status>
</test>
<doc>Testar Selenium och RobotFramework</doc>
<status status="FAIL" starttime="20210428 09:10:55.532" endtime="20210428 09:11:09.235"></status>
</suite>
<suite id="s1-s1-s1-s2" name="petclinic nonFunctionalTest" source="C:\Users\JyotirmayeeBehuria\IdeaProjects\Spring-Pet-Clinic-Locally\Robot_tests\Tests\petclinic_nonFunctionalTest.robot">
<test id="s1-s1-s1-s2-t1" name="Website can handle multiple navigation requests from homepage to owner list.">
<kw name="Begin Web Test" library="keywords_nonFunctionalTest" type="setup">
<kw name="Open Browser" library="SeleniumLibrary">
<doc>Opens a new browser instance to the optional ``url``.</doc>
<arguments>
<arg>about:blank</arg>
<arg>${BROWSER}</arg>
</arguments>
<msg timestamp="20210428 09:11:09.297" level="INFO">Opening browser 'chrome' to base url 'about:blank'.</msg>
<kw name="Capture Page Screenshot" library="SeleniumLibrary">
<doc>Takes a screenshot of the current page and embeds it into a log file.</doc>
<msg timestamp="20210428 09:11:13.162" level="INFO">Cannot capture screenshot because no browser is open.</msg>
<status status="PASS" starttime="20210428 09:11:13.162" endtime="20210428 09:11:13.162"></status>
</kw>
<msg timestamp="20210428 09:11:13.164" level="FAIL">SessionNotCreatedException: Message: session not created: This version of ChromeDriver only supports Chrome version 88
Current browser version is 90.0.4430.93 with binary path C:\Program Files (x86)\Google\Chrome\Application\chrome.exe
</msg>
<status status="FAIL" starttime="20210428 09:11:09.297" endtime="20210428 09:11:13.164"></status>
</kw>
<status status="FAIL" starttime="20210428 09:11:09.297" endtime="20210428 09:11:13.164"></status>
</kw>
<kw name="End Web Test" library="keywords_nonFunctionalTest" type="teardown">
<kw name="Close Browser" library="SeleniumLibrary">
<doc>Closes the current browser.</doc>
<status status="PASS" starttime="20210428 09:11:13.170" endtime="20210428 09:11:13.170"></status>
</kw>
<status status="PASS" starttime="20210428 09:11:13.170" endtime="20210428 09:11:13.170"></status>
</kw>
<doc>Check perfomance of the webpage</doc>
<tags>
<tag>TC_n1</tag>
</tags>
<status status="FAIL" starttime="20210428 09:11:09.293" endtime="20210428 09:11:13.173" critical="yes">Setup failed:
SessionNotCreatedException: Message: session not created: This version of ChromeDriver only supports Chrome version 88
Current browser version is 90.0.4430.93 with binary path C:\Program Files (x86)\Google\Chrome\Application\chrome.exe
</status>
</test>
<test id="s1-s1-s1-s2-t2" name="Website can handle multiple menu requests from user.">
<kw name="Begin Web Test" library="keywords_nonFunctionalTest" type="setup">
<kw name="Open Browser" library="SeleniumLibrary">
<doc>Opens a new browser instance to the optional ``url``.</doc>
<arguments>
<arg>about:blank</arg>
<arg>${BROWSER}</arg>
</arguments>
<msg timestamp="20210428 09:11:13.186" level="INFO">Opening browser 'chrome' to base url 'about:blank'.</msg>
<kw name="Capture Page Screenshot" library="SeleniumLibrary">
<doc>Takes a screenshot of the current page and embeds it into a log file.</doc>
<msg timestamp="20210428 09:11:17.046" level="INFO">Cannot capture screenshot because no browser is open.</msg>
<status status="PASS" starttime="20210428 09:11:17.046" endtime="20210428 09:11:17.046"></status>
</kw>
<msg timestamp="20210428 09:11:17.051" level="FAIL">SessionNotCreatedException: Message: session not created: This version of ChromeDriver only supports Chrome version 88
Current browser version is 90.0.4430.93 with binary path C:\Program Files (x86)\Google\Chrome\Application\chrome.exe
</msg>
<status status="FAIL" starttime="20210428 09:11:13.186" endtime="20210428 09:11:17.051"></status>
</kw>
<status status="FAIL" starttime="20210428 09:11:13.186" endtime="20210428 09:11:17.051"></status>
</kw>
<kw name="End Web Test" library="keywords_nonFunctionalTest" type="teardown">
<kw name="Close Browser" library="SeleniumLibrary">
<doc>Closes the current browser.</doc>
<status status="PASS" starttime="20210428 09:11:17.058" endtime="20210428 09:11:17.059"></status>
</kw>
<status status="PASS" starttime="20210428 09:11:17.055" endtime="20210428 09:11:17.059"></status>
</kw>
<doc>Check perfomance of the webpages menu navigation</doc>
<tags>
<tag>TC_n2</tag>
</tags>
<status status="FAIL" starttime="20210428 09:11:13.181" endtime="20210428 09:11:17.060" critical="yes">Setup failed:
SessionNotCreatedException: Message: session not created: This version of ChromeDriver only supports Chrome version 88
Current browser version is 90.0.4430.93 with binary path C:\Program Files (x86)\Google\Chrome\Application\chrome.exe
</status>
</test>
<test id="s1-s1-s1-s2-t3" name="Website can handle multiple button requests from user.">
<kw name="Begin Web Test" library="keywords_nonFunctionalTest" type="setup">
<kw name="Open Browser" library="SeleniumLibrary">
<doc>Opens a new browser instance to the optional ``url``.</doc>
<arguments>
<arg>about:blank</arg>
<arg>${BROWSER}</arg>
</arguments>
<msg timestamp="20210428 09:11:17.068" level="INFO">Opening browser 'chrome' to base url 'about:blank'.</msg>
<kw name="Capture Page Screenshot" library="SeleniumLibrary">
<doc>Takes a screenshot of the current page and embeds it into a log file.</doc>
<msg timestamp="20210428 09:11:21.690" level="INFO">Cannot capture screenshot because no browser is open.</msg>
<status status="PASS" starttime="20210428 09:11:21.690" endtime="20210428 09:11:21.691"></status>
</kw>
<msg timestamp="20210428 09:11:21.692" level="FAIL">SessionNotCreatedException: Message: session not created: This version of ChromeDriver only supports Chrome version 88
Current browser version is 90.0.4430.93 with binary path C:\Program Files (x86)\Google\Chrome\Application\chrome.exe
</msg>
<status status="FAIL" starttime="20210428 09:11:17.068" endtime="20210428 09:11:21.692"></status>
</kw>
<status status="FAIL" starttime="20210428 09:11:17.068" endtime="20210428 09:11:21.692"></status>
</kw>
<kw name="End Web Test" library="keywords_nonFunctionalTest" type="teardown">
<kw name="Close Browser" library="SeleniumLibrary">
<doc>Closes the current browser.</doc>
<status status="PASS" starttime="20210428 09:11:21.698" endtime="20210428 09:11:21.699"></status>
</kw>
<status status="PASS" starttime="20210428 09:11:21.697" endtime="20210428 09:11:21.699"></status>
</kw>
<doc>Check owner page's button functionalities</doc>
<tags>
<tag>TC_n3</tag>
</tags>
<status status="FAIL" starttime="20210428 09:11:17.068" endtime="20210428 09:11:21.700" critical="yes">Setup failed:
SessionNotCreatedException: Message: session not created: This version of ChromeDriver only supports Chrome version 88
Current browser version is 90.0.4430.93 with binary path C:\Program Files (x86)\Google\Chrome\Application\chrome.exe
</status>
</test>
<doc>Testsuite Website Performance</doc>
<status status="FAIL" starttime="20210428 09:11:09.251" endtime="20210428 09:11:21.707"></status>
</suite>
<suite id="s1-s1-s1-s3" name="petclinic Owner" source="C:\Users\JyotirmayeeBehuria\IdeaProjects\Spring-Pet-Clinic-Locally\Robot_tests\Tests\petclinic_Owner.robot">
<test id="s1-s1-s1-s3-t1" name="User can access website.">
<kw name="Begin Web Test" library="keywords_owner" type="setup">
<kw name="Open Browser" library="SeleniumLibrary">
<doc>Opens a new browser instance to the optional ``url``.</doc>
<arguments>
<arg>about:blank</arg>
<arg>${BROWSER}</arg>
</arguments>
<msg timestamp="20210428 09:11:21.749" level="INFO">Opening browser 'chrome' to base url 'about:blank'.</msg>
<kw name="Capture Page Screenshot" library="SeleniumLibrary">
<doc>Takes a screenshot of the current page and embeds it into a log file.</doc>
<msg timestamp="20210428 09:11:26.603" level="INFO">Cannot capture screenshot because no browser is open.</msg>
<status status="PASS" starttime="20210428 09:11:26.603" endtime="20210428 09:11:26.603"></status>
</kw>
<msg timestamp="20210428 09:11:26.603" level="FAIL">SessionNotCreatedException: Message: session not created: This version of ChromeDriver only supports Chrome version 88
Current browser version is 90.0.4430.93 with binary path C:\Program Files (x86)\Google\Chrome\Application\chrome.exe
</msg>
<status status="FAIL" starttime="20210428 09:11:21.749" endtime="20210428 09:11:26.603"></status>
</kw>
<status status="FAIL" starttime="20210428 09:11:21.749" endtime="20210428 09:11:26.603"></status>
</kw>
<kw name="End Web Test" library="keywords_owner" type="teardown">
<kw name="Close Browser" library="SeleniumLibrary">
<doc>Closes the current browser.</doc>
<status status="PASS" starttime="20210428 09:11:26.610" endtime="20210428 09:11:26.610"></status>
</kw>
<status status="PASS" starttime="20210428 09:11:26.610" endtime="20210428 09:11:26.610"></status>
</kw>
<doc>Verifying the page - access to welcome-page.</doc>
<tags>
<tag>TC_1</tag>
</tags>
<status status="FAIL" starttime="20210428 09:11:21.749" endtime="20210428 09:11:26.613" critical="yes">Setup failed:
SessionNotCreatedException: Message: session not created: This version of ChromeDriver only supports Chrome version 88
Current browser version is 90.0.4430.93 with binary path C:\Program Files (x86)\Google\Chrome\Application\chrome.exe
</status>
</test>
<test id="s1-s1-s1-s3-t2" name="User can access website and navigate to owner-list.">
<kw name="Begin Web Test" library="keywords_owner" type="setup">
<kw name="Open Browser" library="SeleniumLibrary">
<doc>Opens a new browser instance to the optional ``url``.</doc>
<arguments>
<arg>about:blank</arg>
<arg>${BROWSER}</arg>
</arguments>
<msg timestamp="20210428 09:11:26.625" level="INFO">Opening browser 'chrome' to base url 'about:blank'.</msg>
<kw name="Capture Page Screenshot" library="SeleniumLibrary">
<doc>Takes a screenshot of the current page and embeds it into a log file.</doc>
<msg timestamp="20210428 09:11:30.258" level="INFO">Cannot capture screenshot because no browser is open.</msg>
<status status="PASS" starttime="20210428 09:11:30.258" endtime="20210428 09:11:30.258"></status>
</kw>
<msg timestamp="20210428 09:11:30.258" level="FAIL">SessionNotCreatedException: Message: session not created: This version of ChromeDriver only supports Chrome version 88
Current browser version is 90.0.4430.93 with binary path C:\Program Files (x86)\Google\Chrome\Application\chrome.exe
</msg>
<status status="FAIL" starttime="20210428 09:11:26.625" endtime="20210428 09:11:30.258"></status>
</kw>
<status status="FAIL" starttime="20210428 09:11:26.623" endtime="20210428 09:11:30.258"></status>
</kw>
<kw name="End Web Test" library="keywords_owner" type="teardown">
<kw name="Close Browser" library="SeleniumLibrary">
<doc>Closes the current browser.</doc>
<status status="PASS" starttime="20210428 09:11:30.265" endtime="20210428 09:11:30.265"></status>
</kw>
<status status="PASS" starttime="20210428 09:11:30.265" endtime="20210428 09:11:30.265"></status>
</kw>
<doc>Navigate to Owner-list.</doc>
<tags>
<tag>TC_2</tag>
</tags>
<status status="FAIL" starttime="20210428 09:11:26.620" endtime="20210428 09:11:30.268" critical="yes">Setup failed:
SessionNotCreatedException: Message: session not created: This version of ChromeDriver only supports Chrome version 88
Current browser version is 90.0.4430.93 with binary path C:\Program Files (x86)\Google\Chrome\Application\chrome.exe
</status>
</test>
<test id="s1-s1-s1-s3-t3" name="User can access website, navigate to owner-list and also refresh page.">
<kw name="Begin Web Test" library="keywords_owner" type="setup">
<kw name="Open Browser" library="SeleniumLibrary">
<doc>Opens a new browser instance to the optional ``url``.</doc>
<arguments>
<arg>about:blank</arg>
<arg>${BROWSER}</arg>
</arguments>
<msg timestamp="20210428 09:11:30.278" level="INFO">Opening browser 'chrome' to base url 'about:blank'.</msg>
<kw name="Capture Page Screenshot" library="SeleniumLibrary">
<doc>Takes a screenshot of the current page and embeds it into a log file.</doc>
<msg timestamp="20210428 09:11:33.949" level="INFO">Cannot capture screenshot because no browser is open.</msg>
<status status="PASS" starttime="20210428 09:11:33.948" endtime="20210428 09:11:33.949"></status>
</kw>
<msg timestamp="20210428 09:11:33.952" level="FAIL">SessionNotCreatedException: Message: session not created: This version of ChromeDriver only supports Chrome version 88
Current browser version is 90.0.4430.93 with binary path C:\Program Files (x86)\Google\Chrome\Application\chrome.exe
</msg>
<status status="FAIL" starttime="20210428 09:11:30.278" endtime="20210428 09:11:33.952"></status>
</kw>
<status status="FAIL" starttime="20210428 09:11:30.278" endtime="20210428 09:11:33.952"></status>
</kw>
<kw name="End Web Test" library="keywords_owner" type="teardown">
<kw name="Close Browser" library="SeleniumLibrary">
<doc>Closes the current browser.</doc>
<status status="PASS" starttime="20210428 09:11:33.955" endtime="20210428 09:11:33.955"></status>
</kw>
<status status="PASS" starttime="20210428 09:11:33.954" endtime="20210428 09:11:33.955"></status>
</kw>
<doc>Refreshing the page.</doc>
<tags>
<tag>TC_3</tag>
</tags>
<status status="FAIL" starttime="20210428 09:11:30.276" endtime="20210428 09:11:33.960" critical="yes">Setup failed:
SessionNotCreatedException: Message: session not created: This version of ChromeDriver only supports Chrome version 88
Current browser version is 90.0.4430.93 with binary path C:\Program Files (x86)\Google\Chrome\Application\chrome.exe
</status>
</test>
<test id="s1-s1-s1-s3-t4" name="User can access website, and navigate to owner-list from homepage (Gherkins Syntax).">
<kw name="Begin Web Test" library="keywords_owner" type="setup">
<kw name="Open Browser" library="SeleniumLibrary">
<doc>Opens a new browser instance to the optional ``url``.</doc>
<arguments>
<arg>about:blank</arg>
<arg>${BROWSER}</arg>
</arguments>
<msg timestamp="20210428 09:11:33.985" level="INFO">Opening browser 'chrome' to base url 'about:blank'.</msg>
<kw name="Capture Page Screenshot" library="SeleniumLibrary">
<doc>Takes a screenshot of the current page and embeds it into a log file.</doc>
<msg timestamp="20210428 09:11:37.793" level="INFO">Cannot capture screenshot because no browser is open.</msg>
<status status="PASS" starttime="20210428 09:11:37.792" endtime="20210428 09:11:37.793"></status>
</kw>
<msg timestamp="20210428 09:11:37.795" level="FAIL">SessionNotCreatedException: Message: session not created: This version of ChromeDriver only supports Chrome version 88
Current browser version is 90.0.4430.93 with binary path C:\Program Files (x86)\Google\Chrome\Application\chrome.exe
</msg>
<status status="FAIL" starttime="20210428 09:11:33.984" endtime="20210428 09:11:37.795"></status>
</kw>
<status status="FAIL" starttime="20210428 09:11:33.984" endtime="20210428 09:11:37.795"></status>
</kw>
<kw name="End Web Test" library="keywords_owner" type="teardown">
<kw name="Close Browser" library="SeleniumLibrary">
<doc>Closes the current browser.</doc>
<status status="PASS" starttime="20210428 09:11:37.800" endtime="20210428 09:11:37.800"></status>
</kw>
<status status="PASS" starttime="20210428 09:11:37.800" endtime="20210428 09:11:37.800"></status>
</kw>
<tags>
<tag>TC_4</tag>
</tags>
<status status="FAIL" starttime="20210428 09:11:33.982" endtime="20210428 09:11:37.803" critical="yes">Setup failed:
SessionNotCreatedException: Message: session not created: This version of ChromeDriver only supports Chrome version 88
Current browser version is 90.0.4430.93 with binary path C:\Program Files (x86)\Google\Chrome\Application\chrome.exe
</status>
</test>
<doc>Testsuite Owner-functionality</doc>
<status status="FAIL" starttime="20210428 09:11:21.720" endtime="20210428 09:11:37.809"></status>
</suite>
<suite id="s1-s1-s1-s4" name="PetClinicAddOwner" source="C:\Users\JyotirmayeeBehuria\IdeaProjects\Spring-Pet-Clinic-Locally\Robot_tests\Tests\PetClinicAddOwner.Robot">
<test id="s1-s1-s1-s4-t1" name="User can add a new Owner">
<kw name="Open Browser" library="SeleniumLibrary" type="setup">
<doc>Opens a new browser instance to the optional ``url``.</doc>
<arguments>
<arg>${URL}</arg>
<arg>${BROWSER}</arg>
</arguments>
<msg timestamp="20210428 09:11:37.851" level="INFO">Opening browser 'Chrome' to base url 'http://localhost:4200/'.</msg>
<kw name="Capture Page Screenshot" library="SeleniumLibrary">
<doc>Takes a screenshot of the current page and embeds it into a log file.</doc>
<msg timestamp="20210428 09:11:41.634" level="INFO">Cannot capture screenshot because no browser is open.</msg>
<status status="PASS" starttime="20210428 09:11:41.633" endtime="20210428 09:11:41.634"></status>
</kw>
<msg timestamp="20210428 09:11:41.640" level="FAIL">SessionNotCreatedException: Message: session not created: This version of ChromeDriver only supports Chrome version 88
Current browser version is 90.0.4430.93 with binary path C:\Program Files (x86)\Google\Chrome\Application\chrome.exe
</msg>
<status status="FAIL" starttime="20210428 09:11:37.851" endtime="20210428 09:11:41.640"></status>
</kw>
<kw name="End Web Test" type="teardown">
<kw name="Close All Browsers" library="SeleniumLibrary">
<doc>Closes all open browsers and resets the browser cache.</doc>
<status status="PASS" starttime="20210428 09:11:41.643" endtime="20210428 09:11:41.644"></status>
</kw>
<status status="PASS" starttime="20210428 09:11:41.641" endtime="20210428 09:11:41.646"></status>
</kw>
<doc>This test adds a new owner with AddNew</doc>
<tags>
<tag>Add a new owner</tag>
</tags>
<status status="FAIL" starttime="20210428 09:11:37.848" endtime="20210428 09:11:41.647" critical="yes">Setup failed:
SessionNotCreatedException: Message: session not created: This version of ChromeDriver only supports Chrome version 88
Current browser version is 90.0.4430.93 with binary path C:\Program Files (x86)\Google\Chrome\Application\chrome.exe
</status>
</test>
<test id="s1-s1-s1-s4-t2" name="User can add a new Owner through Ist option">
<kw name="Open Browser" library="SeleniumLibrary" type="setup">
<doc>Opens a new browser instance to the optional ``url``.</doc>
<arguments>
<arg>${URL}</arg>
<arg>${BROWSER}</arg>
</arguments>
<msg timestamp="20210428 09:11:41.739" level="INFO">Opening browser 'Chrome' to base url 'http://localhost:4200/'.</msg>
<kw name="Capture Page Screenshot" library="SeleniumLibrary">
<doc>Takes a screenshot of the current page and embeds it into a log file.</doc>
<msg timestamp="20210428 09:11:45.453" level="INFO">Cannot capture screenshot because no browser is open.</msg>
<status status="PASS" starttime="20210428 09:11:45.453" endtime="20210428 09:11:45.454"></status>
</kw>
<msg timestamp="20210428 09:11:45.454" level="FAIL">SessionNotCreatedException: Message: session not created: This version of ChromeDriver only supports Chrome version 88
Current browser version is 90.0.4430.93 with binary path C:\Program Files (x86)\Google\Chrome\Application\chrome.exe
</msg>
<status status="FAIL" starttime="20210428 09:11:41.739" endtime="20210428 09:11:45.454"></status>
</kw>
<kw name="End Web Test" type="teardown">
<kw name="Close All Browsers" library="SeleniumLibrary">
<doc>Closes all open browsers and resets the browser cache.</doc>
<status status="PASS" starttime="20210428 09:11:45.459" endtime="20210428 09:11:45.459"></status>
</kw>
<status status="PASS" starttime="20210428 09:11:45.459" endtime="20210428 09:11:45.459"></status>
</kw>
<doc>This test adds a new owner with All Option</doc>
<tags>
<tag>Add a new owner in another tab</tag>
</tags>
<status status="FAIL" starttime="20210428 09:11:41.727" endtime="20210428 09:11:45.463" critical="yes">Setup failed:
SessionNotCreatedException: Message: session not created: This version of ChromeDriver only supports Chrome version 88
Current browser version is 90.0.4430.93 with binary path C:\Program Files (x86)\Google\Chrome\Application\chrome.exe
</status>
</test>
<doc>This is some basic infor about the whole test suite</doc>
<status status="FAIL" starttime="20210428 09:11:37.827" endtime="20210428 09:11:45.470"></status>
</suite>
<status status="FAIL" starttime="20210428 09:10:55.528" endtime="20210428 09:11:45.488"></status>
</suite>
<status status="FAIL" starttime="20210428 09:10:55.525" endtime="20210428 09:11:45.515"></status>
</suite>
<status status="FAIL" starttime="20210428 09:10:55.471" endtime="20210428 09:11:45.533"></status>
</suite>
<statistics>
<total>
<stat pass="0" fail="12">Critical Tests</stat>
<stat pass="0" fail="12">All Tests</stat>
</total>
<tag>
<stat pass="0" fail="1">2</stat>
<stat pass="0" fail="1">Access_test1</stat>
<stat pass="0" fail="1">Access_test2</stat>
<stat pass="0" fail="1">Add a new owner</stat>
<stat pass="0" fail="1">Add a new owner in another tab</stat>
<stat pass="0" fail="1">TC_1</stat>
<stat pass="0" fail="1">TC_2</stat>
<stat pass="0" fail="1">TC_3</stat>
<stat pass="0" fail="1">TC_4</stat>
<stat pass="0" fail="1">TC_n1</stat>
<stat pass="0" fail="1">TC_n2</stat>
<stat pass="0" fail="1">TC_n3</stat>
</tag>
<suite>
<stat pass="0" fail="12" id="s1" name="Spring-Pet-Clinic-Locally">Spring-Pet-Clinic-Locally</stat>
<stat pass="0" fail="12" id="s1-s1" name="Robot tests">Spring-Pet-Clinic-Locally.Robot tests</stat>
<stat pass="0" fail="12" id="s1-s1-s1" name="Tests">Spring-Pet-Clinic-Locally.Robot tests.Tests</stat>
<stat pass="0" fail="3" id="s1-s1-s1-s1" name="petclinic addPet">Spring-Pet-Clinic-Locally.Robot tests.Tests.petclinic addPet</stat>
<stat pass="0" fail="3" id="s1-s1-s1-s2" name="petclinic nonFunctionalTest">Spring-Pet-Clinic-Locally.Robot tests.Tests.petclinic nonFunctionalTest</stat>
<stat pass="0" fail="4" id="s1-s1-s1-s3" name="petclinic Owner">Spring-Pet-Clinic-Locally.Robot tests.Tests.petclinic Owner</stat>
<stat pass="0" fail="2" id="s1-s1-s1-s4" name="PetClinicAddOwner">Spring-Pet-Clinic-Locally.Robot tests.Tests.PetClinicAddOwner</stat>
</suite>
</statistics>
<errors>
</errors>
</robot>
